BARNES
2058080636, 735924753, 1884984, 13245270, 195542423, 128188417, 109116922, 583271796, 1394425, 11841453, 0, 0, 894952, 0, 1987770 ,0, 0 , 0, 12115605, 1129673, 0, 26184, 0 ,0, 2145730
FMM
2390396431, 1032931840, 2060738, 10682582, 181056497, 34273790, 142571715, 698625655, 1407164, 8486918, 0, 0, 1846079, 0, 860900 ,0, 0 , 0, 8231147, 2451444, 0, 23207, 0 ,0, 3815621 
OCEAN CONTIGUOUS
2301641872, 249557065, 2249874, 28148674, 67032464, 19529649, 107209694, 995515852, 1930139, 21909804, 0, 0, 5856649, 0, 72143 ,0, 0 , 0, 22069887, 6078794, 0, 17434, 0 ,0, 9990252
RADIOSITY
1294773238, 602734676, 1892379, 4196158, 162473029, 49501265, 144775344, 336134848, 1393193, 2862640, 0, 0, 438124, 0, 743470 ,0, 0 , 0, 3560884, 635283, 0, 63505, 0 ,0, 1173758   
WATER NSQUARED
637761500, 274268809, 490053, 2995491, 61311488, 25615819, 31145499, 275231096, 332027, 2526137, 0, 0, 295418, 0, 12309 ,0, 0 , 0, 2632183, 363317, 0, 5142, 0 ,0, 650329    
WATER SPATIAL
499167902, 246131440, 489545, 716052, 57376039, 21341735, 26164142, 177888068, 383775, 583570, 0, 0, 94907, 0, 5041 ,0, 0 , 0, 601893, 114167, 0, 6900, 0 ,0, 218896
CHOLESKY
44323292, 13103677, 63177, 374180, 2682502, 1112915, 2883835, 18753548, 45048, 348171, 0, 0, 55380, 0, 5716 ,0, 0 , 0, 313426, 60765, 0, 1878, 0 ,0, 217190   
FFT
48347364, 13633851, 44491, 434382, 2219650, 1645879, 2547346, 25885253, 35726, 277519, 0, 0, 146781, 0, 2031 ,0, 0 , 0, 281297, 153094, 0, 293, 0 ,0, 243447
LU CONTIGUOUS
484612687, 194217262, 377300, 2258182, 46499073, 22921796, 19843066, 210797731, 263996, 2149145, 0, 0, 122134, 0, 6298 ,0, 0 , 0, 2090238, 167953, 0, 3473, 0 ,0, 1144741 
LU NON CONTIGUOUS
1397593836, 205468716, 934805, 16843120, 49011182, 24782978, 39905320, 1031934299, 631948, 16918537, 0, 0, 660697, 0, 15112 ,0, 0 , 0, 16173574, 669554, 0, 24770, 0 ,0, 11015207 
RADIX
702459157, 140845584, 568112, 5647987, 24127674, 8257532, 25027346, 330384372, 425895, 3598464, 0, 0, 1936697, 0, 23777 ,0, 0 , 0, 3644525, 2003471, 0, 5132, 0 ,0, 3017909 